c:\users\scott\desktop\school\ut\case-studies-in-ml\project\code\transformers-for-scenario-reduction\scenario-generator\x64\debug\vc143.pdb
c:\users\scott\desktop\school\ut\case-studies-in-ml\project\code\transformers-for-scenario-reduction\scenario-generator\x64\debug\vc143.idb
c:\users\scott\desktop\school\ut\case-studies-in-ml\project\code\transformers-for-scenario-reduction\scenario-generator\x64\debug\stochasticexclusiontest.obj
c:\users\scott\desktop\school\ut\case-studies-in-ml\project\code\transformers-for-scenario-reduction\scenario-generator\x64\debug\equityfundreturn.obj
c:\users\scott\desktop\school\ut\case-studies-in-ml\project\code\transformers-for-scenario-reduction\scenario-generator\x64\debug\fixedfundreturn.obj
c:\users\scott\desktop\school\ut\case-studies-in-ml\project\code\transformers-for-scenario-reduction\scenario-generator\x64\debug\yieldcurve.obj
c:\users\scott\desktop\school\ut\case-studies-in-ml\project\code\transformers-for-scenario-reduction\scenario-generator\x64\debug\scenariogenerator.obj
c:\users\scott\desktop\school\ut\case-studies-in-ml\project\code\transformers-for-scenario-reduction\scenario-generator\x64\debug\main.obj
c:\users\scott\desktop\school\ut\case-studies-in-ml\project\code\transformers-for-scenario-reduction\scenario-generator\x64\debug\intscenario.obj
c:\users\scott\desktop\school\ut\case-studies-in-ml\project\code\transformers-for-scenario-reduction\scenario-generator\x64\debug\histcurves.obj
c:\users\scott\desktop\school\ut\case-studies-in-ml\project\code\transformers-for-scenario-reduction\scenario-generator\x64\debug\fundscenario.obj
c:\users\scott\desktop\school\ut\case-studies-in-ml\project\code\transformers-for-scenario-reduction\scenario-generator\x64\debug\cholesky.obj
c:\users\scott\desktop\school\ut\case-studies-in-ml\project\code\transformers-for-scenario-reduction\scenario-generator\x64\debug\c3rng.obj
c:\users\scott\desktop\school\ut\case-studies-in-ml\project\code\transformers-for-scenario-reduction\x64\debug\scenario-generator.exe
c:\users\scott\desktop\school\ut\case-studies-in-ml\project\code\transformers-for-scenario-reduction\x64\debug\scenario-generator.pdb
c:\users\scott\desktop\school\ut\case-studies-in-ml\project\code\transformers-for-scenario-reduction\scenario-generator\x64\debug\scenario-generator.ilk
c:\users\scott\desktop\school\ut\case-studies-in-ml\project\code\transformers-for-scenario-reduction\scenario-generator\x64\debug\scenario.fff76772.tlog\cl.command.1.tlog
c:\users\scott\desktop\school\ut\case-studies-in-ml\project\code\transformers-for-scenario-reduction\scenario-generator\x64\debug\scenario.fff76772.tlog\cl.items.tlog
c:\users\scott\desktop\school\ut\case-studies-in-ml\project\code\transformers-for-scenario-reduction\scenario-generator\x64\debug\scenario.fff76772.tlog\cl.read.1.tlog
c:\users\scott\desktop\school\ut\case-studies-in-ml\project\code\transformers-for-scenario-reduction\scenario-generator\x64\debug\scenario.fff76772.tlog\cl.write.1.tlog
c:\users\scott\desktop\school\ut\case-studies-in-ml\project\code\transformers-for-scenario-reduction\scenario-generator\x64\debug\scenario.fff76772.tlog\link.command.1.tlog
c:\users\scott\desktop\school\ut\case-studies-in-ml\project\code\transformers-for-scenario-reduction\scenario-generator\x64\debug\scenario.fff76772.tlog\link.read.1.tlog
c:\users\scott\desktop\school\ut\case-studies-in-ml\project\code\transformers-for-scenario-reduction\scenario-generator\x64\debug\scenario.fff76772.tlog\link.secondary.1.tlog
c:\users\scott\desktop\school\ut\case-studies-in-ml\project\code\transformers-for-scenario-reduction\scenario-generator\x64\debug\scenario.fff76772.tlog\link.write.1.tlog
