c:\users\scott\desktop\school\ut\case-studies-in-ml\project\code\transformers-for-scenario-reduction\scenario-generator\x64\release\vc143.pdb
c:\users\scott\desktop\school\ut\case-studies-in-ml\project\code\transformers-for-scenario-reduction\scenario-generator\x64\release\yieldcurve.obj
c:\users\scott\desktop\school\ut\case-studies-in-ml\project\code\transformers-for-scenario-reduction\scenario-generator\x64\release\stochasticexclusiontest.obj
c:\users\scott\desktop\school\ut\case-studies-in-ml\project\code\transformers-for-scenario-reduction\scenario-generator\x64\release\scenariogenerator.obj
c:\users\scott\desktop\school\ut\case-studies-in-ml\project\code\transformers-for-scenario-reduction\scenario-generator\x64\release\main.obj
c:\users\scott\desktop\school\ut\case-studies-in-ml\project\code\transformers-for-scenario-reduction\scenario-generator\x64\release\intscenario.obj
c:\users\scott\desktop\school\ut\case-studies-in-ml\project\code\transformers-for-scenario-reduction\scenario-generator\x64\release\histcurves.obj
c:\users\scott\desktop\school\ut\case-studies-in-ml\project\code\transformers-for-scenario-reduction\scenario-generator\x64\release\fundscenario.obj
c:\users\scott\desktop\school\ut\case-studies-in-ml\project\code\transformers-for-scenario-reduction\scenario-generator\x64\release\fixedfundreturn.obj
c:\users\scott\desktop\school\ut\case-studies-in-ml\project\code\transformers-for-scenario-reduction\scenario-generator\x64\release\equityfundreturn.obj
c:\users\scott\desktop\school\ut\case-studies-in-ml\project\code\transformers-for-scenario-reduction\scenario-generator\x64\release\cholesky.obj
c:\users\scott\desktop\school\ut\case-studies-in-ml\project\code\transformers-for-scenario-reduction\scenario-generator\x64\release\c3rng.obj
c:\users\scott\desktop\school\ut\case-studies-in-ml\project\code\transformers-for-scenario-reduction\x64\release\scenario-generator.exe
c:\users\scott\desktop\school\ut\case-studies-in-ml\project\code\transformers-for-scenario-reduction\x64\release\scenario-generator.pdb
c:\users\scott\desktop\school\ut\case-studies-in-ml\project\code\transformers-for-scenario-reduction\scenario-generator\x64\release\scenario-generator.ipdb
c:\users\scott\desktop\school\ut\case-studies-in-ml\project\code\transformers-for-scenario-reduction\scenario-generator\x64\release\scenario-generator.iobj
c:\users\scott\desktop\school\ut\case-studies-in-ml\project\code\transformers-for-scenario-reduction\scenario-generator\x64\release\scenario.fff76772.tlog\cl.command.1.tlog
c:\users\scott\desktop\school\ut\case-studies-in-ml\project\code\transformers-for-scenario-reduction\scenario-generator\x64\release\scenario.fff76772.tlog\cl.items.tlog
c:\users\scott\desktop\school\ut\case-studies-in-ml\project\code\transformers-for-scenario-reduction\scenario-generator\x64\release\scenario.fff76772.tlog\cl.read.1.tlog
c:\users\scott\desktop\school\ut\case-studies-in-ml\project\code\transformers-for-scenario-reduction\scenario-generator\x64\release\scenario.fff76772.tlog\cl.write.1.tlog
c:\users\scott\desktop\school\ut\case-studies-in-ml\project\code\transformers-for-scenario-reduction\scenario-generator\x64\release\scenario.fff76772.tlog\link.command.1.tlog
c:\users\scott\desktop\school\ut\case-studies-in-ml\project\code\transformers-for-scenario-reduction\scenario-generator\x64\release\scenario.fff76772.tlog\link.read.1.tlog
c:\users\scott\desktop\school\ut\case-studies-in-ml\project\code\transformers-for-scenario-reduction\scenario-generator\x64\release\scenario.fff76772.tlog\link.secondary.1.tlog
c:\users\scott\desktop\school\ut\case-studies-in-ml\project\code\transformers-for-scenario-reduction\scenario-generator\x64\release\scenario.fff76772.tlog\link.write.1.tlog
